<?xml version="1.0" encoding="UTF-8"?>
<!-- Generated by org.testng.reporters.JUnitXMLReporter -->
<testsuite ignored="0" hostname="prathi" failures="0" tests="5" name="RegressionTest" time="67.231" errors="0" timestamp="2022-11-09T17:36:17 IST">
  <testcase classname="testcases.Tetsng_Register_TC" name="register" time="2.422"/>
  <testcase classname="testcases.Testng_Login_TC" name="login" time="4.932"/>
  <testcase classname="testcases.Tetsng_Search_TC" name="search" time="10.071"/>
  <testcase classname="testcases.Testng_AdvanceSearch" name="advance" time="2.71"/>
  <testcase classname="testcases.Testng_Computers_Accessories" name="advance" time="2.692"/>
</testsuite> <!-- RegressionTest -->
