<?xml version="1.0" encoding="UTF-8"?>
<!-- Generated by org.testng.reporters.JUnitXMLReporter -->
<testsuite ignored="0" hostname="prathi" failures="0" tests="16" name="Test" time="143.052" errors="0" timestamp="2022-11-21T16:46:47 IST">
  <testcase classname="POM_TestCases.DemoWebShop_RegisterTest" name="Register" time="1.245"/>
  <testcase classname="POM_TestCases.DemoWebShop_LoginTest" name="Register" time="1.059"/>
  <testcase classname="POM_TestCases.DWS_AdvanceSearchTest" name="AdvanceSerach" time="2.48"/>
  <testcase classname="POM_TestCases.DWS_SearchTest" name="Register" time="0.132"/>
  <testcase classname="POM_TestCases.DWS_SearchTest" name="Register" time="0.08"/>
  <testcase classname="POM_TestCases.DWS_ApparrelTest" name="Apparrel" time="0.921"/>
  <testcase classname="POM_TestCases.DWS_DigitalDownloadsTest" name="Digital" time="0.88"/>
  <testcase classname="POM_TestCases.DWS_ElectronicsTest" name="TC08" time="0.766"/>
  <testcase classname="POM_TestCases.DWS_ShoppingCartTest" name="ShoppinCartTest" time="0.728"/>
  <testcase classname="POM_TestCases.DWS_NewsletterSubscribeTest" name="Newsletter" time="0.174"/>
  <testcase classname="POM_TestCases.DWS_JewelryTest" name="TC11" time="1.166"/>
  <testcase classname="POM_TestCases.DWS_VottingPollTest" name="Voting" time="0.312"/>
  <testcase classname="POM_TestCases.DWS_BooksTest" name="Books" time="3.373"/>
  <testcase classname="POM_TestCases.DWS_WishlistTest" name="WishlistTest" time="0.631"/>
  <testcase classname="POM_TestCases.DWS_ComputersTest" name="Computer" time="0.81"/>
  <testcase classname="POM_TestCases.DWS_GiftCardsTest" name="Giftcards" time="1.248"/>
</testsuite> <!-- Test -->
