<?xml version="1.0" encoding="UTF-8"?>
<testng-results ignored="0" total="16" passed="16" failed="0" skipped="0">
  <reporter-output>
  </reporter-output>
  <suite started-at="2022-11-21T16:44:24 IST" name="Suite" finished-at="2022-11-21T16:46:47 IST" duration-ms="143052">
    <groups>
    </groups>
    <test started-at="2022-11-21T16:44:24 IST" name="Test" finished-at="2022-11-21T16:46:47 IST" duration-ms="143052">
      <class name="POM_TestCases.DWS_VottingPollTest">
        <test-method is-config="true" signature="BrowserSetup()[pri:0, instance:POM_TestCases.DWS_VottingPollTest@40a4337a]" started-at="2022-11-21T16:46:05 IST" name="BrowserSetup" finished-at="2022-11-21T16:46:14 IST" duration-ms="8208" status="PASS">
          <reporter-output>
          </reporter-output>
        </test-method> <!-- BrowserSetup -->
        <test-method signature="Voting()[pri:0, instance:POM_TestCases.DWS_VottingPollTest@40a4337a]" started-at="2022-11-21T16:46:14 IST" name="Voting" finished-at="2022-11-21T16:46:14 IST" duration-ms="312" status="PASS">
          <reporter-output>
          </reporter-output>
        </test-method> <!-- Voting -->
        <test-method is-config="true" signature="TearDown()[pri:0, instance:POM_TestCases.DWS_VottingPollTest@40a4337a]" started-at="2022-11-21T16:46:14 IST" name="TearDown" finished-at="2022-11-21T16:46:14 IST" duration-ms="110" status="PASS">
          <reporter-output>
          </reporter-output>
        </test-method> <!-- TearDown -->
      </class> <!-- POM_TestCases.DWS_VottingPollTest -->
      <class name="POM_TestCases.DWS_SearchTest">
        <test-method is-config="true" signature="BrowserSetup()[pri:0, instance:POM_TestCases.DWS_SearchTest@34e9fd99]" started-at="2022-11-21T16:45:04 IST" name="BrowserSetup" finished-at="2022-11-21T16:45:09 IST" duration-ms="5154" status="PASS">
          <reporter-output>
          </reporter-output>
        </test-method> <!-- BrowserSetup -->
        <test-method signature="Register(java.lang.String)[pri:0, instance:POM_TestCases.DWS_SearchTest@34e9fd99]" started-at="2022-11-21T16:45:09 IST" name="Register" data-provider="TestData" finished-at="2022-11-21T16:45:09 IST" duration-ms="132" status="PASS">
          <params>
            <param index="0">
              <value>
                <![CDATA[mobiles]]>
              </value>
            </param>
          </params>
          <reporter-output>
          </reporter-output>
        </test-method> <!-- Register -->
        <test-method signature="Register(java.lang.String)[pri:0, instance:POM_TestCases.DWS_SearchTest@34e9fd99]" started-at="2022-11-21T16:45:09 IST" name="Register" data-provider="TestData" finished-at="2022-11-21T16:45:09 IST" duration-ms="80" status="PASS">
          <params>
            <param index="0">
              <value>
                <![CDATA[]]>
              </value>
            </param>
          </params>
          <reporter-output>
          </reporter-output>
        </test-method> <!-- Register -->
        <test-method is-config="true" signature="TearDown()[pri:0, instance:POM_TestCases.DWS_SearchTest@34e9fd99]" started-at="2022-11-21T16:45:09 IST" name="TearDown" finished-at="2022-11-21T16:45:10 IST" duration-ms="324" status="PASS">
          <reporter-output>
          </reporter-output>
        </test-method> <!-- TearDown -->
      </class> <!-- POM_TestCases.DWS_SearchTest -->
      <class name="POM_TestCases.DWS_ComputersTest">
        <test-method is-config="true" signature="BrowserSetup()[pri:0, instance:POM_TestCases.DWS_ComputersTest@2d1ef81a]" started-at="2022-11-21T16:46:29 IST" name="BrowserSetup" finished-at="2022-11-21T16:46:36 IST" duration-ms="6386" status="PASS">
          <reporter-output>
          </reporter-output>
        </test-method> <!-- BrowserSetup -->
        <test-method signature="Computer()[pri:0, instance:POM_TestCases.DWS_ComputersTest@2d1ef81a]" started-at="2022-11-21T16:46:36 IST" name="Computer" finished-at="2022-11-21T16:46:36 IST" duration-ms="810" status="PASS">
          <reporter-output>
          </reporter-output>
        </test-method> <!-- Computer -->
        <test-method is-config="true" signature="TearDown()[pri:0, instance:POM_TestCases.DWS_ComputersTest@2d1ef81a]" started-at="2022-11-21T16:46:36 IST" name="TearDown" finished-at="2022-11-21T16:46:37 IST" duration-ms="101" status="PASS">
          <reporter-output>
          </reporter-output>
        </test-method> <!-- TearDown -->
      </class> <!-- POM_TestCases.DWS_ComputersTest -->
      <class name="POM_TestCases.DemoWebShop_LoginTest">
        <test-method is-config="true" signature="BrowserSetup()[pri:0, instance:POM_TestCases.DemoWebShop_LoginTest@36ebc363]" started-at="2022-11-21T16:44:49 IST" name="BrowserSetup" finished-at="2022-11-21T16:44:55 IST" duration-ms="5352" status="PASS">
          <reporter-output>
          </reporter-output>
        </test-method> <!-- BrowserSetup -->
        <test-method signature="Register(java.lang.String,java.lang.String)[pri:0, instance:POM_TestCases.DemoWebShop_LoginTest@36ebc363]" started-at="2022-11-21T16:44:55 IST" name="Register" data-provider="TestData" finished-at="2022-11-21T16:44:56 IST" duration-ms="1059" status="PASS">
          <params>
            <param index="0">
              <value>
                <![CDATA[prathi@gmail.com]]>
              </value>
            </param>
            <param index="1">
              <value>
                <![CDATA[100001]]>
              </value>
            </param>
          </params>
          <reporter-output>
          </reporter-output>
        </test-method> <!-- Register -->
        <test-method is-config="true" signature="TearDown()[pri:0, instance:POM_TestCases.DemoWebShop_LoginTest@36ebc363]" started-at="2022-11-21T16:44:56 IST" name="TearDown" finished-at="2022-11-21T16:44:56 IST" duration-ms="162" status="PASS">
          <reporter-output>
          </reporter-output>
        </test-method> <!-- TearDown -->
      </class> <!-- POM_TestCases.DemoWebShop_LoginTest -->
      <class name="POM_TestCases.DWS_WishlistTest">
        <test-method is-config="true" signature="BrowserSetup()[pri:0, instance:POM_TestCases.DWS_WishlistTest@22ff4249]" started-at="2022-11-21T16:46:23 IST" name="BrowserSetup" finished-at="2022-11-21T16:46:29 IST" duration-ms="5252" status="PASS">
          <reporter-output>
          </reporter-output>
        </test-method> <!-- BrowserSetup -->
        <test-method signature="WishlistTest()[pri:0, instance:POM_TestCases.DWS_WishlistTest@22ff4249]" started-at="2022-11-21T16:46:29 IST" name="WishlistTest" finished-at="2022-11-21T16:46:29 IST" duration-ms="631" status="PASS">
          <reporter-output>
          </reporter-output>
        </test-method> <!-- WishlistTest -->
        <test-method is-config="true" signature="TearDown()[pri:0, instance:POM_TestCases.DWS_WishlistTest@22ff4249]" started-at="2022-11-21T16:46:29 IST" name="TearDown" finished-at="2022-11-21T16:46:29 IST" duration-ms="121" status="PASS">
          <reporter-output>
          </reporter-output>
        </test-method> <!-- TearDown -->
      </class> <!-- POM_TestCases.DWS_WishlistTest -->
      <class name="POM_TestCases.DWS_NewsletterSubscribeTest">
        <test-method is-config="true" signature="BrowserSetup()[pri:0, instance:POM_TestCases.DWS_NewsletterSubscribeTest@702657cc]" started-at="2022-11-21T16:45:51 IST" name="BrowserSetup" finished-at="2022-11-21T16:45:57 IST" duration-ms="5545" status="PASS">
          <reporter-output>
          </reporter-output>
        </test-method> <!-- BrowserSetup -->
        <test-method signature="Newsletter(java.lang.String)[pri:0, instance:POM_TestCases.DWS_NewsletterSubscribeTest@702657cc]" started-at="2022-11-21T16:45:57 IST" name="Newsletter" data-provider="Testdata" finished-at="2022-11-21T16:45:57 IST" duration-ms="174" status="PASS">
          <params>
            <param index="0">
              <value>
                <![CDATA[prathi@gmail.com]]>
              </value>
            </param>
          </params>
          <reporter-output>
          </reporter-output>
        </test-method> <!-- Newsletter -->
        <test-method is-config="true" signature="TearDown()[pri:0, instance:POM_TestCases.DWS_NewsletterSubscribeTest@702657cc]" started-at="2022-11-21T16:45:57 IST" name="TearDown" finished-at="2022-11-21T16:45:57 IST" duration-ms="475" status="PASS">
          <reporter-output>
          </reporter-output>
        </test-method> <!-- TearDown -->
      </class> <!-- POM_TestCases.DWS_NewsletterSubscribeTest -->
      <class name="POM_TestCases.DWS_GiftCardsTest">
        <test-method is-config="true" signature="BrowserSetup()[pri:0, instance:POM_TestCases.DWS_GiftCardsTest@4c402120]" started-at="2022-11-21T16:46:37 IST" name="BrowserSetup" finished-at="2022-11-21T16:46:45 IST" duration-ms="8646" status="PASS">
          <reporter-output>
          </reporter-output>
        </test-method> <!-- BrowserSetup -->
        <test-method signature="Giftcards()[pri:0, instance:POM_TestCases.DWS_GiftCardsTest@4c402120]" started-at="2022-11-21T16:46:45 IST" name="Giftcards" finished-at="2022-11-21T16:46:46 IST" duration-ms="1248" status="PASS">
          <reporter-output>
          </reporter-output>
        </test-method> <!-- Giftcards -->
        <test-method is-config="true" signature="TearDown()[pri:0, instance:POM_TestCases.DWS_GiftCardsTest@4c402120]" started-at="2022-11-21T16:46:46 IST" name="TearDown" finished-at="2022-11-21T16:46:47 IST" duration-ms="469" status="PASS">
          <reporter-output>
          </reporter-output>
        </test-method> <!-- TearDown -->
      </class> <!-- POM_TestCases.DWS_GiftCardsTest -->
      <class name="POM_TestCases.DemoWebShop_RegisterTest">
        <test-method is-config="true" signature="BrowserSetup()[pri:0, instance:POM_TestCases.DemoWebShop_RegisterTest@75d4a5c2]" started-at="2022-11-21T16:44:24 IST" name="BrowserSetup" finished-at="2022-11-21T16:44:31 IST" duration-ms="6640" status="PASS">
          <reporter-output>
          </reporter-output>
        </test-method> <!-- BrowserSetup -->
        <test-method signature="Register(java.lang.String,java.lang.String,java.lang.String,java.lang.String,java.lang.String)[pri:0, instance:POM_TestCases.DemoWebShop_RegisterTest@75d4a5c2]" started-at="2022-11-21T16:44:32 IST" name="Register" data-provider="TestData" finished-at="2022-11-21T16:44:33 IST" duration-ms="1245" status="PASS">
          <params>
            <param index="0">
              <value>
                <![CDATA[prathi]]>
              </value>
            </param>
            <param index="1">
              <value>
                <![CDATA[reddy]]>
              </value>
            </param>
            <param index="2">
              <value>
                <![CDATA[prathi@gmail.com]]>
              </value>
            </param>
            <param index="3">
              <value>
                <![CDATA[100001]]>
              </value>
            </param>
            <param index="4">
              <value>
                <![CDATA[100001]]>
              </value>
            </param>
          </params>
          <reporter-output>
          </reporter-output>
        </test-method> <!-- Register -->
        <test-method is-config="true" signature="TearDown()[pri:0, instance:POM_TestCases.DemoWebShop_RegisterTest@75d4a5c2]" started-at="2022-11-21T16:44:33 IST" name="TearDown" finished-at="2022-11-21T16:44:49 IST" duration-ms="16261" status="PASS">
          <reporter-output>
          </reporter-output>
        </test-method> <!-- TearDown -->
      </class> <!-- POM_TestCases.DemoWebShop_RegisterTest -->
      <class name="POM_TestCases.DWS_ShoppingCartTest">
        <test-method is-config="true" signature="BrowserSetup()[pri:0, instance:POM_TestCases.DWS_ShoppingCartTest@43bc63a3]" started-at="2022-11-21T16:45:45 IST" name="BrowserSetup" finished-at="2022-11-21T16:45:50 IST" duration-ms="5232" status="PASS">
          <reporter-output>
          </reporter-output>
        </test-method> <!-- BrowserSetup -->
        <test-method signature="ShoppinCartTest()[pri:0, instance:POM_TestCases.DWS_ShoppingCartTest@43bc63a3]" started-at="2022-11-21T16:45:50 IST" name="ShoppinCartTest" finished-at="2022-11-21T16:45:51 IST" duration-ms="728" status="PASS">
          <reporter-output>
          </reporter-output>
        </test-method> <!-- ShoppinCartTest -->
        <test-method is-config="true" signature="TearDown()[pri:0, instance:POM_TestCases.DWS_ShoppingCartTest@43bc63a3]" started-at="2022-11-21T16:45:51 IST" name="TearDown" finished-at="2022-11-21T16:45:51 IST" duration-ms="165" status="PASS">
          <reporter-output>
          </reporter-output>
        </test-method> <!-- TearDown -->
      </class> <!-- POM_TestCases.DWS_ShoppingCartTest -->
      <class name="POM_TestCases.DWS_AdvanceSearchTest">
        <test-method is-config="true" signature="BrowserSetup()[pri:0, instance:POM_TestCases.DWS_AdvanceSearchTest@45752059]" started-at="2022-11-21T16:44:56 IST" name="BrowserSetup" finished-at="2022-11-21T16:45:01 IST" duration-ms="5262" status="PASS">
          <reporter-output>
          </reporter-output>
        </test-method> <!-- BrowserSetup -->
        <test-method signature="AdvanceSerach(java.lang.String,java.lang.String,java.lang.String,java.lang.String,java.lang.String)[pri:0, instance:POM_TestCases.DWS_AdvanceSearchTest@45752059]" started-at="2022-11-21T16:45:01 IST" name="AdvanceSerach" data-provider="TestData" finished-at="2022-11-21T16:45:04 IST" duration-ms="2480" status="PASS">
          <params>
            <param index="0">
              <value>
                <![CDATA[books]]>
              </value>
            </param>
            <param index="1">
              <value>
                <![CDATA[Computers >> Accessories]]>
              </value>
            </param>
            <param index="2">
              <value>
                <![CDATA[Tricentis]]>
              </value>
            </param>
            <param index="3">
              <value>
                <![CDATA[100]]>
              </value>
            </param>
            <param index="4">
              <value>
                <![CDATA[500]]>
              </value>
            </param>
          </params>
          <reporter-output>
          </reporter-output>
        </test-method> <!-- AdvanceSerach -->
        <test-method is-config="true" signature="TearDown()[pri:0, instance:POM_TestCases.DWS_AdvanceSearchTest@45752059]" started-at="2022-11-21T16:45:04 IST" name="TearDown" finished-at="2022-11-21T16:45:04 IST" duration-ms="72" status="PASS">
          <reporter-output>
          </reporter-output>
        </test-method> <!-- TearDown -->
      </class> <!-- POM_TestCases.DWS_AdvanceSearchTest -->
      <class name="POM_TestCases.DWS_BooksTest">
        <test-method is-config="true" signature="BrowserSetup()[pri:0, instance:POM_TestCases.DWS_BooksTest@6025e1b6]" started-at="2022-11-21T16:46:14 IST" name="BrowserSetup" finished-at="2022-11-21T16:46:20 IST" duration-ms="5517" status="PASS">
          <reporter-output>
          </reporter-output>
        </test-method> <!-- BrowserSetup -->
        <test-method signature="Books(java.lang.String,java.lang.String,java.lang.String)[pri:0, instance:POM_TestCases.DWS_BooksTest@6025e1b6]" started-at="2022-11-21T16:46:20 IST" name="Books" data-provider="TestData" finished-at="2022-11-21T16:46:23 IST" duration-ms="3373" status="PASS">
          <params>
            <param index="0">
              <value>
                <![CDATA[Name: Z to A]]>
              </value>
            </param>
            <param index="1">
              <value>
                <![CDATA[8]]>
              </value>
            </param>
            <param index="2">
              <value>
                <![CDATA[List]]>
              </value>
            </param>
          </params>
          <reporter-output>
          </reporter-output>
        </test-method> <!-- Books -->
        <test-method is-config="true" signature="TearDown()[pri:0, instance:POM_TestCases.DWS_BooksTest@6025e1b6]" started-at="2022-11-21T16:46:23 IST" name="TearDown" finished-at="2022-11-21T16:46:23 IST" duration-ms="161" status="PASS">
          <reporter-output>
          </reporter-output>
        </test-method> <!-- TearDown -->
      </class> <!-- POM_TestCases.DWS_BooksTest -->
      <class name="POM_TestCases.DWS_ElectronicsTest">
        <test-method is-config="true" signature="BrowserSetup()[pri:0, instance:POM_TestCases.DWS_ElectronicsTest@38425407]" started-at="2022-11-21T16:45:39 IST" name="BrowserSetup" finished-at="2022-11-21T16:45:44 IST" duration-ms="5157" status="PASS">
          <reporter-output>
          </reporter-output>
        </test-method> <!-- BrowserSetup -->
        <test-method signature="TC08()[pri:0, instance:POM_TestCases.DWS_ElectronicsTest@38425407]" started-at="2022-11-21T16:45:44 IST" name="TC08" finished-at="2022-11-21T16:45:45 IST" duration-ms="766" status="PASS">
          <reporter-output>
          </reporter-output>
        </test-method> <!-- TC08 -->
        <test-method is-config="true" signature="TearDown()[pri:0, instance:POM_TestCases.DWS_ElectronicsTest@38425407]" started-at="2022-11-21T16:45:45 IST" name="TearDown" finished-at="2022-11-21T16:45:45 IST" duration-ms="154" status="PASS">
          <reporter-output>
          </reporter-output>
        </test-method> <!-- TearDown -->
      </class> <!-- POM_TestCases.DWS_ElectronicsTest -->
      <class name="POM_TestCases.DWS_DigitalDownloadsTest">
        <test-method is-config="true" signature="BrowserSetup()[pri:0, instance:POM_TestCases.DWS_DigitalDownloadsTest@54d9d12d]" started-at="2022-11-21T16:45:17 IST" name="BrowserSetup" finished-at="2022-11-21T16:45:22 IST" duration-ms="5293" status="PASS">
          <reporter-output>
          </reporter-output>
        </test-method> <!-- BrowserSetup -->
        <test-method signature="Digital()[pri:0, instance:POM_TestCases.DWS_DigitalDownloadsTest@54d9d12d]" started-at="2022-11-21T16:45:22 IST" name="Digital" finished-at="2022-11-21T16:45:23 IST" duration-ms="880" status="PASS">
          <reporter-output>
          </reporter-output>
        </test-method> <!-- Digital -->
        <test-method is-config="true" signature="TearDown()[pri:0, instance:POM_TestCases.DWS_DigitalDownloadsTest@54d9d12d]" started-at="2022-11-21T16:45:23 IST" name="TearDown" finished-at="2022-11-21T16:45:39 IST" duration-ms="16275" status="PASS">
          <reporter-output>
          </reporter-output>
        </test-method> <!-- TearDown -->
      </class> <!-- POM_TestCases.DWS_DigitalDownloadsTest -->
      <class name="POM_TestCases.DWS_JewelryTest">
        <test-method is-config="true" signature="BrowserSetup()[pri:0, instance:POM_TestCases.DWS_JewelryTest@6a6cb05c]" started-at="2022-11-21T16:45:57 IST" name="BrowserSetup" finished-at="2022-11-21T16:46:04 IST" duration-ms="6284" status="PASS">
          <reporter-output>
          </reporter-output>
        </test-method> <!-- BrowserSetup -->
        <test-method signature="TC11()[pri:0, instance:POM_TestCases.DWS_JewelryTest@6a6cb05c]" started-at="2022-11-21T16:46:04 IST" name="TC11" finished-at="2022-11-21T16:46:05 IST" duration-ms="1166" status="PASS">
          <reporter-output>
          </reporter-output>
        </test-method> <!-- TC11 -->
        <test-method is-config="true" signature="TearDown()[pri:0, instance:POM_TestCases.DWS_JewelryTest@6a6cb05c]" started-at="2022-11-21T16:46:05 IST" name="TearDown" finished-at="2022-11-21T16:46:05 IST" duration-ms="518" status="PASS">
          <reporter-output>
          </reporter-output>
        </test-method> <!-- TearDown -->
      </class> <!-- POM_TestCases.DWS_JewelryTest -->
      <class name="POM_TestCases.DWS_ApparrelTest">
        <test-method is-config="true" signature="BrowserSetup()[pri:0, instance:POM_TestCases.DWS_ApparrelTest@3c41ed1d]" started-at="2022-11-21T16:45:10 IST" name="BrowserSetup" finished-at="2022-11-21T16:45:15 IST" duration-ms="5593" status="PASS">
          <reporter-output>
          </reporter-output>
        </test-method> <!-- BrowserSetup -->
        <test-method signature="Apparrel()[pri:0, instance:POM_TestCases.DWS_ApparrelTest@3c41ed1d]" started-at="2022-11-21T16:45:15 IST" name="Apparrel" finished-at="2022-11-21T16:45:16 IST" duration-ms="921" status="PASS">
          <reporter-output>
          </reporter-output>
        </test-method> <!-- Apparrel -->
        <test-method is-config="true" signature="TearDown()[pri:0, instance:POM_TestCases.DWS_ApparrelTest@3c41ed1d]" started-at="2022-11-21T16:45:16 IST" name="TearDown" finished-at="2022-11-21T16:45:17 IST" duration-ms="246" status="PASS">
          <reporter-output>
          </reporter-output>
        </test-method> <!-- TearDown -->
      </class> <!-- POM_TestCases.DWS_ApparrelTest -->
    </test> <!-- Test -->
  </suite> <!-- Suite -->
</testng-results>
